[2014-10-28 08:34:45.337847] <WSGIRequest
path:/welcome,
GET:<QueryDict: {}>,
POST:<QueryDict: {u'csrfmiddlewaretoken': [u'sdrIpxCzA7hNqBDJSeMD80kQj3bllXzw'], u'email': [u'fdg@udtq.fr']}>,
COOKIES:{'csrftoken': 'sdrIpxCzA7hNqBDJSeMD80kQj3bllXzw',
 'sessionid': 't447cz2qzp6ow37cfx7qw7qabuwldb19',
 'socketio': 'xhr-polling'},
META:{'CONTENT_LENGTH': '72',
 'CONTENT_TYPE': 'application/x-www-form-urlencoded',
 u'CSRF_COOKIE': u'sdrIpxCzA7hNqBDJSeMD80kQj3bllXzw',
 'GATEWAY_INTERFACE': 'CGI/1.1',
 'HTTP_ACCEPT': 'text/html,application/xhtml+xml,application/xml;q=0.9,image/webp,*/*;q=0.8',
 'HTTP_ACCEPT_ENCODING': 'gzip,deflate',
 'HTTP_ACCEPT_LANGUAGE': 'en-US,en;q=0.8,fr;q=0.6',
 'HTTP_CACHE_CONTROL': 'max-age=0',
 'HTTP_CONNECTION': 'keep-alive',
 'HTTP_COOKIE': 'socketio=xhr-polling; sessionid=t447cz2qzp6ow37cfx7qw7qabuwldb19; csrftoken=sdrIpxCzA7hNqBDJSeMD80kQj3bllXzw',
 'HTTP_DNT': '1',
 'HTTP_HOST': 'localhost:9001',
 'HTTP_ORIGIN': 'http://localhost:9001',
 'HTTP_REFERER': 'http://localhost:9001/welcome',
 'HTTP_USER_AGENT': 'Mozilla/5.0 (Macintosh; Intel Mac OS X 10_10_0) AppleWebKit/537.36 (KHTML, like Gecko) Chrome/38.0.2125.104 Safari/537.36',
 'PATH_INFO': u'/welcome',
 'QUERY_STRING': '',
 'REMOTE_ADDR': '127.0.0.1',
 'REQUEST_METHOD': 'POST',
 'SCRIPT_NAME': u'',
 'SERVER_PROTOCOL': 'HTTP/1.0',
 'SERVER_SOFTWARE': 'gevent/0.13 Python/2.7',
 'socketio': <socketio.protocol.SocketIOProtocol object at 0x10c43be90>,
 'wsgi.errors': <open file '<stderr>', mode 'w' at 0x10b4fd1e0>,
 'wsgi.input': <gevent.pywsgi.Input object at 0x10c45a150>,
 'wsgi.multiprocess': False,
 'wsgi.multithread': False,
 'wsgi.run_once': False,
 'wsgi.url_scheme': 'http',
 'wsgi.version': (1, 0)}>
[2014-10-28 08:35:55.457644] <WSGIRequest
path:/welcome,
GET:<QueryDict: {}>,
POST:<QueryDict: {u'csrfmiddlewaretoken': [u'sdrIpxCzA7hNqBDJSeMD80kQj3bllXzw'], u'email': [u'plop@nawak.fr']}>,
COOKIES:{'csrftoken': 'sdrIpxCzA7hNqBDJSeMD80kQj3bllXzw',
 'sessionid': 't447cz2qzp6ow37cfx7qw7qabuwldb19',
 'socketio': 'xhr-polling'},
META:{'CONTENT_LENGTH': '74',
 'CONTENT_TYPE': 'application/x-www-form-urlencoded',
 u'CSRF_COOKIE': u'sdrIpxCzA7hNqBDJSeMD80kQj3bllXzw',
 'GATEWAY_INTERFACE': 'CGI/1.1',
 'HTTP_ACCEPT': 'text/html,application/xhtml+xml,application/xml;q=0.9,image/webp,*/*;q=0.8',
 'HTTP_ACCEPT_ENCODING': 'gzip,deflate',
 'HTTP_ACCEPT_LANGUAGE': 'en-US,en;q=0.8,fr;q=0.6',
 'HTTP_CACHE_CONTROL': 'max-age=0',
 'HTTP_CONNECTION': 'keep-alive',
 'HTTP_COOKIE': 'socketio=xhr-polling; sessionid=t447cz2qzp6ow37cfx7qw7qabuwldb19; csrftoken=sdrIpxCzA7hNqBDJSeMD80kQj3bllXzw',
 'HTTP_DNT': '1',
 'HTTP_HOST': 'localhost:9001',
 'HTTP_ORIGIN': 'http://localhost:9001',
 'HTTP_REFERER': 'http://localhost:9001/welcome',
 'HTTP_USER_AGENT': 'Mozilla/5.0 (Macintosh; Intel Mac OS X 10_10_0) AppleWebKit/537.36 (KHTML, like Gecko) Chrome/38.0.2125.104 Safari/537.36',
 'PATH_INFO': u'/welcome',
 'QUERY_STRING': '',
 'REMOTE_ADDR': '127.0.0.1',
 'REQUEST_METHOD': 'POST',
 'SCRIPT_NAME': u'',
 'SERVER_PROTOCOL': 'HTTP/1.0',
 'SERVER_SOFTWARE': 'gevent/0.13 Python/2.7',
 'socketio': <socketio.protocol.SocketIOProtocol object at 0x10c957990>,
 'wsgi.errors': <open file '<stderr>', mode 'w' at 0x10b4fd1e0>,
 'wsgi.input': <gevent.pywsgi.Input object at 0x10c93d990>,
 'wsgi.multiprocess': False,
 'wsgi.multithread': False,
 'wsgi.run_once': False,
 'wsgi.url_scheme': 'http',
 'wsgi.version': (1, 0)}>
[2014-10-28 08:37:33.707658] <WSGIRequest
path:/welcome,
GET:<QueryDict: {}>,
POST:<QueryDict: {u'csrfmiddlewaretoken': [u'sdrIpxCzA7hNqBDJSeMD80kQj3bllXzw'], u'email': [u'okay@nawak.f']}>,
COOKIES:{'csrftoken': 'sdrIpxCzA7hNqBDJSeMD80kQj3bllXzw',
 'sessionid': 't447cz2qzp6ow37cfx7qw7qabuwldb19',
 'socketio': 'xhr-polling'},
META:{'CONTENT_LENGTH': '73',
 'CONTENT_TYPE': 'application/x-www-form-urlencoded',
 u'CSRF_COOKIE': u'sdrIpxCzA7hNqBDJSeMD80kQj3bllXzw',
 'GATEWAY_INTERFACE': 'CGI/1.1',
 'HTTP_ACCEPT': 'text/html,application/xhtml+xml,application/xml;q=0.9,image/webp,*/*;q=0.8',
 'HTTP_ACCEPT_ENCODING': 'gzip,deflate',
 'HTTP_ACCEPT_LANGUAGE': 'en-US,en;q=0.8,fr;q=0.6',
 'HTTP_CACHE_CONTROL': 'max-age=0',
 'HTTP_CONNECTION': 'keep-alive',
 'HTTP_COOKIE': 'socketio=xhr-polling; sessionid=t447cz2qzp6ow37cfx7qw7qabuwldb19; csrftoken=sdrIpxCzA7hNqBDJSeMD80kQj3bllXzw',
 'HTTP_DNT': '1',
 'HTTP_HOST': 'localhost:9001',
 'HTTP_ORIGIN': 'http://localhost:9001',
 'HTTP_REFERER': 'http://localhost:9001/welcome',
 'HTTP_USER_AGENT': 'Mozilla/5.0 (Macintosh; Intel Mac OS X 10_10_0) AppleWebKit/537.36 (KHTML, like Gecko) Chrome/38.0.2125.104 Safari/537.36',
 'PATH_INFO': u'/welcome',
 'QUERY_STRING': '',
 'REMOTE_ADDR': '127.0.0.1',
 'REQUEST_METHOD': 'POST',
 'SCRIPT_NAME': u'',
 'SERVER_PROTOCOL': 'HTTP/1.0',
 'SERVER_SOFTWARE': 'gevent/0.13 Python/2.7',
 'socketio': <socketio.protocol.SocketIOProtocol object at 0x10c957990>,
 'wsgi.errors': <open file '<stderr>', mode 'w' at 0x10b4fd1e0>,
 'wsgi.input': <gevent.pywsgi.Input object at 0x10c9533d0>,
 'wsgi.multiprocess': False,
 'wsgi.multithread': False,
 'wsgi.run_once': False,
 'wsgi.url_scheme': 'http',
 'wsgi.version': (1, 0)}>
